<?xml version="1.0" encoding="UTF-8"?>
<robot generator="Robot 6.0 (Python 3.10.8 on win32)" generated="20221028 17:56:01.036" rpa="false" schemaversion="3">
<suite id="s1" name="Testsuiteone" source="C:\Users\matias.benedetto\Documents\Práctica personal\Saucedemo-Robot-Framework\tests\testsuiteone.robot">
<test id="s1-t1" name="Execute and test configuration" line="8">
<kw name="Sign in Swaglabs" library="swaglabs.steps">
<arg>${USER_STANDARD}</arg>
<arg>${PASS_SECRET}</arg>
<kw name="Open saucedemo" library="swaglabs.login.page">
<arg>${EMPTY}</arg>
<kw name="Open" library="page">
<arg>${path}</arg>
<kw name="Open Browser" library="SeleniumLibrary">
<arg>https://www.saucedemo.com/${path}</arg>
<arg>chrome</arg>
<doc>Opens a new browser instance to the optional ``url``.</doc>
<msg timestamp="20221028 17:56:01.314" level="INFO">Opening browser 'chrome' to base url 'https://www.saucedemo.com/'.</msg>
<status status="PASS" starttime="20221028 17:56:01.314" endtime="20221028 17:56:03.144"/>
</kw>
<status status="PASS" starttime="20221028 17:56:01.313" endtime="20221028 17:56:03.144"/>
</kw>
<status status="PASS" starttime="20221028 17:56:01.313" endtime="20221028 17:56:03.145"/>
</kw>
<kw name="Login" library="swaglabs.login.page">
<arg>${username}</arg>
<arg>${password}</arg>
<kw name="Wait to be displayed" library="page">
<arg>${inputUsername}</arg>
<kw name="Log To Console" library="BuiltIn">
<arg>${timeout}</arg>
<doc>Logs the given message to the console.</doc>
<status status="PASS" starttime="20221028 17:56:03.146" endtime="20221028 17:56:03.147"/>
</kw>
<kw name="Wait Until Page Contains Element" library="SeleniumLibrary">
<arg>${locator}</arg>
<arg>${timeout}</arg>
<doc>Waits until the element ``locator`` appears on the current page.</doc>
<status status="PASS" starttime="20221028 17:56:03.147" endtime="20221028 17:56:03.165"/>
</kw>
<kw name="Mouse Over" library="SeleniumLibrary">
<arg>${locator}</arg>
<doc>Simulates hovering the mouse over the element ``locator``.</doc>
<msg timestamp="20221028 17:56:03.166" level="INFO">Simulating Mouse Over on element 'xpath://input[@id='user-name']'.</msg>
<status status="PASS" starttime="20221028 17:56:03.165" endtime="20221028 17:56:03.457"/>
</kw>
<status status="PASS" starttime="20221028 17:56:03.145" endtime="20221028 17:56:03.457"/>
</kw>
<kw name="Input Text" library="SeleniumLibrary">
<arg>${inputUsername}</arg>
<arg>${username}</arg>
<doc>Types the given ``text`` into the text field identified by ``locator``.</doc>
<msg timestamp="20221028 17:56:03.457" level="INFO">Typing text 'standard_user' into text field 'xpath://input[@id='user-name']'.</msg>
<status status="PASS" starttime="20221028 17:56:03.457" endtime="20221028 17:56:03.526"/>
</kw>
<kw name="Input Password" library="SeleniumLibrary">
<arg>${inputPassword}</arg>
<arg>${password}</arg>
<doc>Types the given password into the text field identified by ``locator``.</doc>
<msg timestamp="20221028 17:56:03.526" level="INFO">Typing password into text field 'xpath://input[@id='password']'.</msg>
<msg timestamp="20221028 17:56:03.554" level="INFO">Temporally setting log level to: NONE</msg>
<msg timestamp="20221028 17:56:03.587" level="INFO">Log level changed from NONE to INFO.</msg>
<status status="PASS" starttime="20221028 17:56:03.526" endtime="20221028 17:56:03.587"/>
</kw>
<kw name="Click Button" library="SeleniumLibrary">
<arg>${btnLogin}</arg>
<doc>Clicks the button identified by ``locator``.</doc>
<msg timestamp="20221028 17:56:03.588" level="INFO">Clicking button 'xpath://input[@id='login-button']'.</msg>
<status status="PASS" starttime="20221028 17:56:03.588" endtime="20221028 17:56:03.665"/>
</kw>
<status status="PASS" starttime="20221028 17:56:03.145" endtime="20221028 17:56:03.665"/>
</kw>
<kw name="Validate correctly page" library="swaglabs.inventory.page">
<var>${result}</var>
<kw name="Get text when present" library="page">
<arg>${titleProducts}</arg>
<kw name="Wait Until Page Contains Element" library="SeleniumLibrary">
<arg>${locator}</arg>
<arg>${timeout}</arg>
<doc>Waits until the element ``locator`` appears on the current page.</doc>
<status status="PASS" starttime="20221028 17:56:03.666" endtime="20221028 17:56:03.683"/>
</kw>
<kw name="Mouse Over" library="SeleniumLibrary">
<arg>${locator}</arg>
<doc>Simulates hovering the mouse over the element ``locator``.</doc>
<msg timestamp="20221028 17:56:03.684" level="INFO">Simulating Mouse Over on element 'xpath://span[contains(text(),'Products')]'.</msg>
<status status="PASS" starttime="20221028 17:56:03.683" endtime="20221028 17:56:03.953"/>
</kw>
<kw name="Get Text" library="SeleniumLibrary">
<arg>${locator}</arg>
<doc>Returns the text value of the element identified by ``locator``.</doc>
<status status="PASS" starttime="20221028 17:56:03.953" endtime="20221028 17:56:03.972"/>
</kw>
<status status="PASS" starttime="20221028 17:56:03.666" endtime="20221028 17:56:03.973"/>
</kw>
<msg timestamp="20221028 17:56:03.973" level="INFO">${result} = xpath://span[contains(text(),'Products')]</msg>
<status status="PASS" starttime="20221028 17:56:03.666" endtime="20221028 17:56:03.973"/>
</kw>
<kw name="Log To Console" library="BuiltIn">
<arg>${result}</arg>
<doc>Logs the given message to the console.</doc>
<status status="PASS" starttime="20221028 17:56:03.973" endtime="20221028 17:56:03.974"/>
</kw>
<kw name="Should Be Equal" library="BuiltIn">
<arg>${result.text}</arg>
<arg>'Products'</arg>
<doc>Fails if the given objects are unequal.</doc>
<msg timestamp="20221028 17:56:03.974" level="FAIL">Resolving variable '${result.text}' failed: AttributeError: 'str' object has no attribute 'text'</msg>
<status status="FAIL" starttime="20221028 17:56:03.974" endtime="20221028 17:56:03.974"/>
</kw>
<status status="FAIL" starttime="20221028 17:56:01.312" endtime="20221028 17:56:03.974"/>
</kw>
<status status="FAIL" starttime="20221028 17:56:01.312" endtime="20221028 17:56:03.975">Resolving variable '${result.text}' failed: AttributeError: 'str' object has no attribute 'text'</status>
</test>
<doc>Example test case configuration</doc>
<status status="FAIL" starttime="20221028 17:56:01.039" endtime="20221028 17:56:03.976"/>
</suite>
<statistics>
<total>
<stat pass="0" fail="1" skip="0">All Tests</stat>
</total>
<tag>
</tag>
<suite>
<stat pass="0" fail="1" skip="0" id="s1" name="Testsuiteone">Testsuiteone</stat>
</suite>
</statistics>
<errors>
</errors>
</robot>
